<?xml version="1.0" encoding="UTF-8"?>
<!-- Generated by org.testng.reporters.JUnitReportReporter -->
<testsuite skipped="0" hostname="M-KNARESH" name="automationConcepts.VerificationsUsingTestNG" tests="1" failures="0" timestamp="22 Aug 2017 00:21:28 GMT" time="16.212" errors="0">
  <testcase name="searchEBay" time="16.212" classname="automationConcepts.VerificationsUsingTestNG"/>
</testsuite> <!-- automationConcepts.VerificationsUsingTestNG -->
