<?xml version="1.0" encoding="UTF-8"?>
<!-- Generated by org.testng.reporters.JUnitReportReporter -->
<testsuite skipped="0" hostname="M-KNARESH" name="javaConcepts.EBayUsingTesNG" tests="3" failures="0" timestamp="02 Jul 2017 15:11:53 GMT" time="0.017" errors="0">
  <testcase name="PurchaseItem" time="0.013" classname="javaConcepts.EBayUsingTesNG"/>
  <testcase name="UpdateOrder" time="0.002" classname="javaConcepts.EBayUsingTesNG"/>
  <testcase name="TrashOrder" time="0.002" classname="javaConcepts.EBayUsingTesNG"/>
</testsuite> <!-- javaConcepts.EBayUsingTesNG -->
